<?xml version="1.0" encoding="UTF-8"?>
<!-- Generated by org.testng.reporters.JUnitXMLReporter -->
<testsuite ignored="4" hostname="Sahithi" failures="0" tests="3" name="Test" time="8.443" errors="0" timestamp="2025-05-26T15:30:10 GST">
  <testcase classname="com.sahithi.automation.appln.businessscripts.FpTest" name="fpTest" time="2.621"/>
  <testcase classname="com.sahithi.automation.appln.businessscripts.FbTest" name="fbTest" time="0.75"/>
  <testcase classname="com.sahithi.automation.appln.businessscripts.GmailTest" name="gmailTest" time="4.973"/>
  <testcase classname="com.sahithi.automation.base.BaseTest" name="@AfterSuite closeBrowser" time="0.0">
    <ignored/>
  </testcase> <!-- @AfterSuite closeBrowser -->
  <testcase classname="com.sahithi.automation.base.BaseTest" name="@BeforeSuite openBrowser" time="0.0">
    <ignored/>
  </testcase> <!-- @BeforeSuite openBrowser -->
  <testcase classname="com.sahithi.automation.base.BaseTest" name="@BeforeSuite openBrowser" time="0.0">
    <ignored/>
  </testcase> <!-- @BeforeSuite openBrowser -->
  <testcase classname="com.sahithi.automation.base.BaseTest" name="@AfterSuite closeBrowser" time="0.0">
    <ignored/>
  </testcase> <!-- @AfterSuite closeBrowser -->
</testsuite> <!-- Test -->
