<?xml version="1.0" encoding="UTF-8"?>
<testng-results ignored="0" total="3" passed="3" failed="0" skipped="0">
  <reporter-output>
  </reporter-output>
  <suite started-at="2025-05-26T15:30:02 GST" name="Suite" finished-at="2025-05-26T15:30:10 GST" duration-ms="8443">
    <groups>
    </groups>
    <test started-at="2025-05-26T15:30:02 GST" name="Test" finished-at="2025-05-26T15:30:10 GST" duration-ms="8443">
      <class name="com.sahithi.automation.appln.businessscripts.FbTest">
        <test-method signature="fbTest()[pri:0, instance:com.sahithi.automation.appln.businessscripts.FbTest@fbd1f6]" started-at="2025-05-26T15:30:05 GST" name="fbTest" finished-at="2025-05-26T15:30:05 GST" duration-ms="750" status="PASS">
          <reporter-output>
          </reporter-output>
        </test-method> <!-- fbTest -->
      </class> <!-- com.sahithi.automation.appln.businessscripts.FbTest -->
      <class name="com.sahithi.automation.appln.businessscripts.GmailTest">
        <test-method signature="gmailTest()[pri:0, instance:com.sahithi.automation.appln.businessscripts.GmailTest@1ce24091]" started-at="2025-05-26T15:30:05 GST" name="gmailTest" finished-at="2025-05-26T15:30:10 GST" duration-ms="4973" status="PASS">
          <reporter-output>
          </reporter-output>
        </test-method> <!-- gmailTest -->
      </class> <!-- com.sahithi.automation.appln.businessscripts.GmailTest -->
      <class name="com.sahithi.automation.appln.businessscripts.FpTest">
        <test-method is-config="true" signature="openBrowser(java.lang.String)[pri:0, instance:com.sahithi.automation.appln.businessscripts.FpTest@2cd76f31]" started-at="2025-05-26T15:29:57 GST" name="openBrowser" finished-at="2025-05-26T15:30:02 GST" duration-ms="5307" status="PASS">
          <params>
            <param index="0">
              <value>
                <![CDATA[chrome]]>
              </value>
            </param>
          </params>
          <reporter-output>
          </reporter-output>
        </test-method> <!-- openBrowser -->
        <test-method signature="fpTest()[pri:0, instance:com.sahithi.automation.appln.businessscripts.FpTest@2cd76f31]" started-at="2025-05-26T15:30:02 GST" name="fpTest" finished-at="2025-05-26T15:30:05 GST" duration-ms="2621" status="PASS">
          <reporter-output>
          </reporter-output>
        </test-method> <!-- fpTest -->
        <test-method is-config="true" signature="closeBrowser()[pri:0, instance:com.sahithi.automation.appln.businessscripts.FpTest@2cd76f31]" started-at="2025-05-26T15:30:10 GST" name="closeBrowser" finished-at="2025-05-26T15:30:11 GST" duration-ms="274" status="PASS">
          <reporter-output>
          </reporter-output>
        </test-method> <!-- closeBrowser -->
      </class> <!-- com.sahithi.automation.appln.businessscripts.FpTest -->
    </test> <!-- Test -->
  </suite> <!-- Suite -->
</testng-results>
